<?xml version="1.0" encoding="UTF-8"?>
<!-- Generated by org.testng.reporters.JUnitXMLReporter -->
<testsuite hostname="DESKTOP-DSM3BH7" ignored="1" name="Test1" tests="2" failures="0" timestamp="07 Mar 2017 15:03:57 GMT" time="0.151" errors="0">
  <testcase name="Miscellenious" time="0.033" classname="TestNG.Group_Example"/>
  <testcase name="login" time="0.0" classname="TestNG.Group_Example"/>
  <testcase name="register" time="0.0" classname="TestNG.Group_Example">
    <ignored/>
  </testcase> <!-- register -->
</testsuite> <!-- Test1 -->
